<?xml version="1.0" encoding="UTF-8"?>
<testsuite name="TestSuite" time="41.671" tests="5" errors="0" skipped="0" failures="2">
  <properties>
    <property name="java.runtime.name" value="OpenJDK Runtime Environment"/>
    <property name="java.vm.version" value="16.0.1+9-24"/>
    <property name="sun.boot.library.path" value="/home/growlt105/Downloads/eclipse-java-2021-06-R-linux-gtk-x86_64/eclipse/plugins/org.eclipse.justj.openjdk.hotspot.jre.full.linux.x86_64_16.0.1.v20210528-1205/jre/lib"/>
    <property name="maven.multiModuleProjectDirectory" value="/home/growlt105/eclipse-workspace/NavigatorAutomationGIT/PSI-Automation"/>
    <property name="java.vm.vendor" value="Oracle Corporation"/>
    <property name="java.vendor.url" value="https://java.oracle.com/"/>
    <property name="path.separator" value=":"/>
    <property name="guice.disable.misplaced.annotation.check" value="true"/>
    <property name="java.vm.name" value="OpenJDK 64-Bit Server VM"/>
    <property name="user.country" value="IN"/>
    <property name="sun.java.launcher" value="SUN_STANDARD"/>
    <property name="java.vm.specification.name" value="Java Virtual Machine Specification"/>
    <property name="user.dir" value="/home/growlt105/eclipse-workspace/NavigatorAutomationGIT/PSI-Automation"/>
    <property name="java.vm.compressedOopsMode" value="Zero based"/>
    <property name="java.runtime.version" value="16.0.1+9-24"/>
    <property name="os.arch" value="amd64"/>
    <property name="java.io.tmpdir" value="/tmp"/>
    <property name="line.separator" value="&#10;"/>
    <property name="java.vm.specification.vendor" value="Oracle Corporation"/>
    <property name="os.name" value="Linux"/>
    <property name="classworlds.conf" value="/home/growlt105/eclipse-workspace/.metadata/.plugins/org.eclipse.m2e.launching/launches/m2conf5756897898438994156.tmp"/>
    <property name="sun.jnu.encoding" value="UTF-8"/>
    <property name="java.library.path" value="/usr/java/packages/lib:/usr/lib64:/lib64:/lib:/usr/lib"/>
    <property name="jdk.debug" value="release"/>
    <property name="java.class.version" value="60.0"/>
    <property name="java.specification.name" value="Java Platform API Specification"/>
    <property name="sun.management.compiler" value="HotSpot 64-Bit Tiered Compilers"/>
    <property name="os.version" value="5.15.0-79-generic"/>
    <property name="user.home" value="/home/growlt105"/>
    <property name="user.timezone" value="Asia/Kolkata"/>
    <property name="file.encoding" value="UTF-8"/>
    <property name="java.specification.version" value="16"/>
    <property name="user.name" value="growlt105"/>
    <property name="java.class.path" value="/home/growlt105/Downloads/eclipse-java-2021-06-R-linux-gtk-x86_64/eclipse/plugins/org.eclipse.m2e.maven.runtime_1.18.0.20210603-1206/jars/plexus-classworlds-2.6.0.jar"/>
    <property name="java.vm.specification.version" value="16"/>
    <property name="sun.arch.data.model" value="64"/>
    <property name="sun.java.command" value="org.codehaus.plexus.classworlds.launcher.Launcher -B install"/>
    <property name="java.home" value="/home/growlt105/Downloads/eclipse-java-2021-06-R-linux-gtk-x86_64/eclipse/plugins/org.eclipse.justj.openjdk.hotspot.jre.full.linux.x86_64_16.0.1.v20210528-1205/jre"/>
    <property name="user.language" value="en"/>
    <property name="java.specification.vendor" value="Oracle Corporation"/>
    <property name="java.vm.info" value="mixed mode"/>
    <property name="java.version" value="16.0.1"/>
    <property name="securerandom.source" value="file:/dev/./urandom"/>
    <property name="java.vendor" value="Oracle Corporation"/>
    <property name="maven.home" value="/home/growlt105/eclipse-workspace/NavigatorAutomationGIT/PSI-Automation/EMBEDDED"/>
    <property name="file.separator" value="/"/>
    <property name="java.version.date" value="2021-04-20"/>
    <property name="java.vendor.url.bug" value="https://bugreport.java.com/bugreport/"/>
    <property name="sun.io.unicode.encoding" value="UnicodeLittle"/>
    <property name="sun.cpu.endian" value="little"/>
  </properties>
  <testcase name="runScenario" classname="runner.RunCuke" time="41.671"/>
  <testcase name="runScenario" classname="runner.RunCuke" time="9.347"/>
  <testcase name="runScenario" classname="runner.RunCuke" time="26.723"/>
  <testcase name="runScenario" classname="runner.RunCuke" time="1.141">
    <failure message="element click intercepted: Element &lt;a href=&quot;#&quot; class=&quot;dropdown-toggle&quot; data-toggle=&quot;dropdown&quot;&gt;...&lt;/a&gt; is not clickable at point (199, 88). Other element would receive the click: &lt;div class=&quot;spinner&quot; role=&quot;progressbar&quot; style=&quot;position: absolute; width: 0px; z-index: 2000000000; left: 50%; top: 50%;&quot;&gt;...&lt;/div&gt;&#10;  (Session info: chrome=115.0.5790.110)&#10;Build info: version: &apos;4.1.3&apos;, revision: &apos;7b1ebf28ef&apos;&#10;System info: host: &apos;growlt105&apos;, ip: &apos;127.0.1.1&apos;, os.name: &apos;Linux&apos;, os.arch: &apos;amd64&apos;, os.version: &apos;5.15.0-79-generic&apos;, java.version: &apos;16.0.1&apos;&#10;Driver info: org.openqa.selenium.chrome.ChromeDriver&#10;Command: [a72e81cc58c26e969f1345121aac291d, clickElement {id=431EB99C89CDFDCD4D1812C7760CEFF0_element_312}]&#10;Capabilities {acceptInsecureCerts: false, browserName: chrome, browserVersion: 115.0.5790.110, chrome: {chromedriverVersion: 114.0.5735.90 (386bc09e8f4f..., userDataDir: /tmp/.com.google.Chrome.WNWHxd}, goog:chromeOptions: {debuggerAddress: localhost:36091}, javascriptEnabled: true, networkConnectionEnabled: false, pageLoadStrategy: normal, platform: LINUX, platformName: LINUX, proxy: Proxy(), se:cdp: ws://localhost:36091/devtoo..., se:cdpVersion: 115.0.5790.110, setWindowRect: true, strictFileInteractability: false, timeouts: {implicit: 0, pageLoad: 300000, script: 30000}, unhandledPromptBehavior: dismiss and notify, webauthn:extension:credBlob: true, webauthn:extension:largeBlob: true, webauthn:extension:minPinLength: true, webauthn:extension:prf: true, webauthn:virtualAuthenticators: true}&#10;Element: [[ChromeDriver: chrome on LINUX (a72e81cc58c26e969f1345121aac291d)] -&gt; xpath: //a[normalize-space()=&apos;Operations&apos;]]&#10;Session ID: a72e81cc58c26e969f1345121aac291d" type="org.openqa.selenium.ElementClickInterceptedException"><![CDATA[org.openqa.selenium.ElementClickInterceptedException: element click intercepted: Element <a href="#" class="dropdown-toggle" data-toggle="dropdown">...</a> is not clickable at point (199, 88). Other element would receive the click: <div class="spinner" role="progressbar" style="position: absolute; width: 0px; z-index: 2000000000; left: 50%; top: 50%;">...</div>
  (Session info: chrome=115.0.5790.110)
Build info: version: '4.1.3', revision: '7b1ebf28ef'
System info: host: 'growlt105', ip: '127.0.1.1', os.name: 'Linux', os.arch: 'amd64', os.version: '5.15.0-79-generic', java.version: '16.0.1'
Driver info: org.openqa.selenium.chrome.ChromeDriver
Command: [a72e81cc58c26e969f1345121aac291d, clickElement {id=431EB99C89CDFDCD4D1812C7760CEFF0_element_312}]
Capabilities {acceptInsecureCerts: false, browserName: chrome, browserVersion: 115.0.5790.110, chrome: {chromedriverVersion: 114.0.5735.90 (386bc09e8f4f..., userDataDir: /tmp/.com.google.Chrome.WNWHxd}, goog:chromeOptions: {debuggerAddress: localhost:36091}, javascriptEnabled: true, networkConnectionEnabled: false, pageLoadStrategy: normal, platform: LINUX, platformName: LINUX, proxy: Proxy(), se:cdp: ws://localhost:36091/devtoo..., se:cdpVersion: 115.0.5790.110, setWindowRect: true, strictFileInteractability: false, timeouts: {implicit: 0, pageLoad: 300000, script: 30000}, unhandledPromptBehavior: dismiss and notify, webauthn:extension:credBlob: true, webauthn:extension:largeBlob: true, webauthn:extension:minPinLength: true, webauthn:extension:prf: true, webauthn:virtualAuthenticators: true}
Element: [[ChromeDriver: chrome on LINUX (a72e81cc58c26e969f1345121aac291d)] -> xpath: //a[normalize-space()='Operations']]
Session ID: a72e81cc58c26e969f1345121aac291d
	at java.base/jdk.internal.reflect.NativeConstructorAccessorImpl.newInstance0(Native Method)
	at java.base/jdk.internal.reflect.NativeConstructorAccessorImpl.newInstance(NativeConstructorAccessorImpl.java:78)
	at java.base/jdk.internal.reflect.DelegatingConstructorAccessorImpl.newInstance(DelegatingConstructorAccessorImpl.java:45)
	at java.base/java.lang.reflect.Constructor.newInstanceWithCaller(Constructor.java:499)
	at java.base/java.lang.reflect.Constructor.newInstance(Constructor.java:480)
	at org.openqa.selenium.remote.codec.w3c.W3CHttpResponseCodec.createException(W3CHttpResponseCodec.java:200)
	at org.openqa.selenium.remote.codec.w3c.W3CHttpResponseCodec.decode(W3CHttpResponseCodec.java:133)
	at org.openqa.selenium.remote.codec.w3c.W3CHttpResponseCodec.decode(W3CHttpResponseCodec.java:53)
	at org.openqa.selenium.remote.HttpCommandExecutor.execute(HttpCommandExecutor.java:184)
	at org.openqa.selenium.remote.service.DriverCommandExecutor.invokeExecute(DriverCommandExecutor.java:167)
	at org.openqa.selenium.remote.service.DriverCommandExecutor.execute(DriverCommandExecutor.java:142)
	at org.openqa.selenium.remote.RemoteWebDriver.execute(RemoteWebDriver.java:567)
	at org.openqa.selenium.remote.RemoteWebElement.execute(RemoteWebElement.java:251)
	at org.openqa.selenium.remote.RemoteWebElement.click(RemoteWebElement.java:77)
	at java.base/jdk.internal.reflect.NativeMethodAccessorImpl.invoke0(Native Method)
	at java.base/jdk.internal.reflect.NativeMethodAccessorImpl.invoke(NativeMethodAccessorImpl.java:78)
	at java.base/jdk.internal.reflect.DelegatingMethodAccessorImpl.invoke(DelegatingMethodAccessorImpl.java:43)
	at java.base/java.lang.reflect.Method.invoke(Method.java:567)
	at org.openqa.selenium.support.pagefactory.internal.LocatingElementHandler.invoke(LocatingElementHandler.java:52)
	at jdk.proxy2/jdk.proxy2.$Proxy25.click(Unknown Source)
	at page.actions.OperationsSalesReportsMyOrderActions.ClickOnOperationsLink(OperationsSalesReportsMyOrderActions.java:21)
	at steps.OperationsSalesReportsMyOrderSteps.click_on_operation(OperationsSalesReportsMyOrderSteps.java:29)
	at ✽.Click on Operation(file:///home/growlt105/eclipse-workspace/NavigatorAutomationGIT/PSI-Automation/src/test/resources/Featuresfile/OperationsSalesReportsSalesOrders.feature:5)
]]></failure>
    <system-out><![CDATA[Before
]]></system-out>
  </testcase>
  <testcase name="runScenario" classname="runner.RunCuke" time="25.271">
    <failure message="stale element reference: stale element not found&#10;  (Session info: chrome=115.0.5790.110)&#10;For documentation on this error, please visit: https://selenium.dev/exceptions/#stale_element_reference&#10;Build info: version: &apos;4.1.3&apos;, revision: &apos;7b1ebf28ef&apos;&#10;System info: host: &apos;growlt105&apos;, ip: &apos;127.0.1.1&apos;, os.name: &apos;Linux&apos;, os.arch: &apos;amd64&apos;, os.version: &apos;5.15.0-79-generic&apos;, java.version: &apos;16.0.1&apos;&#10;Driver info: org.openqa.selenium.chrome.ChromeDriver&#10;Command: [a72e81cc58c26e969f1345121aac291d, clickElement {id=431EB99C89CDFDCD4D1812C7760CEFF0_element_312}]&#10;Capabilities {acceptInsecureCerts: false, browserName: chrome, browserVersion: 115.0.5790.110, chrome: {chromedriverVersion: 114.0.5735.90 (386bc09e8f4f..., userDataDir: /tmp/.com.google.Chrome.WNWHxd}, goog:chromeOptions: {debuggerAddress: localhost:36091}, javascriptEnabled: true, networkConnectionEnabled: false, pageLoadStrategy: normal, platform: LINUX, platformName: LINUX, proxy: Proxy(), se:cdp: ws://localhost:36091/devtoo..., se:cdpVersion: 115.0.5790.110, setWindowRect: true, strictFileInteractability: false, timeouts: {implicit: 0, pageLoad: 300000, script: 30000}, unhandledPromptBehavior: dismiss and notify, webauthn:extension:credBlob: true, webauthn:extension:largeBlob: true, webauthn:extension:minPinLength: true, webauthn:extension:prf: true, webauthn:virtualAuthenticators: true}&#10;Element: [[ChromeDriver: chrome on LINUX (a72e81cc58c26e969f1345121aac291d)] -&gt; xpath: //a[normalize-space()=&apos;Operations&apos;]]&#10;Session ID: a72e81cc58c26e969f1345121aac291d" type="org.openqa.selenium.StaleElementReferenceException">org.openqa.selenium.StaleElementReferenceException: stale element reference: stale element not found
  (Session info: chrome=115.0.5790.110)
For documentation on this error, please visit: https://selenium.dev/exceptions/#stale_element_reference
Build info: version: '4.1.3', revision: '7b1ebf28ef'
System info: host: 'growlt105', ip: '127.0.1.1', os.name: 'Linux', os.arch: 'amd64', os.version: '5.15.0-79-generic', java.version: '16.0.1'
Driver info: org.openqa.selenium.chrome.ChromeDriver
Command: [a72e81cc58c26e969f1345121aac291d, clickElement {id=431EB99C89CDFDCD4D1812C7760CEFF0_element_312}]
Capabilities {acceptInsecureCerts: false, browserName: chrome, browserVersion: 115.0.5790.110, chrome: {chromedriverVersion: 114.0.5735.90 (386bc09e8f4f..., userDataDir: /tmp/.com.google.Chrome.WNWHxd}, goog:chromeOptions: {debuggerAddress: localhost:36091}, javascriptEnabled: true, networkConnectionEnabled: false, pageLoadStrategy: normal, platform: LINUX, platformName: LINUX, proxy: Proxy(), se:cdp: ws://localhost:36091/devtoo..., se:cdpVersion: 115.0.5790.110, setWindowRect: true, strictFileInteractability: false, timeouts: {implicit: 0, pageLoad: 300000, script: 30000}, unhandledPromptBehavior: dismiss and notify, webauthn:extension:credBlob: true, webauthn:extension:largeBlob: true, webauthn:extension:minPinLength: true, webauthn:extension:prf: true, webauthn:virtualAuthenticators: true}
Element: [[ChromeDriver: chrome on LINUX (a72e81cc58c26e969f1345121aac291d)] -> xpath: //a[normalize-space()='Operations']]
Session ID: a72e81cc58c26e969f1345121aac291d
	at java.base/jdk.internal.reflect.NativeConstructorAccessorImpl.newInstance0(Native Method)
	at java.base/jdk.internal.reflect.NativeConstructorAccessorImpl.newInstance(NativeConstructorAccessorImpl.java:78)
	at java.base/jdk.internal.reflect.DelegatingConstructorAccessorImpl.newInstance(DelegatingConstructorAccessorImpl.java:45)
	at java.base/java.lang.reflect.Constructor.newInstanceWithCaller(Constructor.java:499)
	at java.base/java.lang.reflect.Constructor.newInstance(Constructor.java:480)
	at org.openqa.selenium.remote.codec.w3c.W3CHttpResponseCodec.createException(W3CHttpResponseCodec.java:200)
	at org.openqa.selenium.remote.codec.w3c.W3CHttpResponseCodec.decode(W3CHttpResponseCodec.java:133)
	at org.openqa.selenium.remote.codec.w3c.W3CHttpResponseCodec.decode(W3CHttpResponseCodec.java:53)
	at org.openqa.selenium.remote.HttpCommandExecutor.execute(HttpCommandExecutor.java:184)
	at org.openqa.selenium.remote.service.DriverCommandExecutor.invokeExecute(DriverCommandExecutor.java:167)
	at org.openqa.selenium.remote.service.DriverCommandExecutor.execute(DriverCommandExecutor.java:142)
	at org.openqa.selenium.remote.RemoteWebDriver.execute(RemoteWebDriver.java:567)
	at org.openqa.selenium.remote.RemoteWebElement.execute(RemoteWebElement.java:251)
	at org.openqa.selenium.remote.RemoteWebElement.click(RemoteWebElement.java:77)
	at java.base/jdk.internal.reflect.NativeMethodAccessorImpl.invoke0(Native Method)
	at java.base/jdk.internal.reflect.NativeMethodAccessorImpl.invoke(NativeMethodAccessorImpl.java:78)
	at java.base/jdk.internal.reflect.DelegatingMethodAccessorImpl.invoke(DelegatingMethodAccessorImpl.java:43)
	at java.base/java.lang.reflect.Method.invoke(Method.java:567)
	at org.openqa.selenium.support.pagefactory.internal.LocatingElementHandler.invoke(LocatingElementHandler.java:52)
	at jdk.proxy2/jdk.proxy2.$Proxy25.click(Unknown Source)
	at page.actions.OperationsSalesReportsMyOrderActions.ClickOnOperationsLink(OperationsSalesReportsMyOrderActions.java:21)
	at steps.OperationsSalesReportsMyOrderSteps.click_on_operation(OperationsSalesReportsMyOrderSteps.java:29)
	at ✽.Click on Operation(file:///home/growlt105/eclipse-workspace/NavigatorAutomationGIT/PSI-Automation/src/test/resources/Featuresfile/OperationsSalesReportsSalesOrders.feature:12)
</failure>
    <system-out><![CDATA[Before
]]></system-out>
  </testcase>
</testsuite>